0 info it worked if it ends with ok
1 verbose cli [ 'C:\\Program Files\\nodejs\\node.exe',
1 verbose cli   'C:\\Program Files\\nodejs\\node_modules\\npm\\bin\\npm-cli.js',
1 verbose cli   'run',
1 verbose cli   'build' ]
2 info using npm@3.3.12
3 info using node@v5.5.0
4 verbose run-script [ 'prebuild', 'build', 'postbuild' ]
5 info lifecycle web-gui@1.0.0~prebuild: web-gui@1.0.0
6 silly lifecycle web-gui@1.0.0~prebuild: no script for prebuild, continuing
7 info lifecycle web-gui@1.0.0~build: web-gui@1.0.0
8 verbose lifecycle web-gui@1.0.0~build: unsafe-perm in lifecycle true
9 verbose lifecycle web-gui@1.0.0~build: PATH: C:\Program Files\nodejs\node_modules\npm\bin\node-gyp-bin;C:\Users\Rodrigo\Codigo\web-gui\node_modules\.bin;C:\Users\Rodrigo\bin;C:\Program Files\Git\mingw64\bin;C:\Program Files\Git\usr\local\bin;C:\Program Files\Git\usr\bin;C:\Program Files\Git\usr\bin;C:\Program Files\Git\mingw64\bin;C:\Program Files\Git\usr\bin;C:\Users\Rodrigo\bin;C:\ProgramData\Oracle\Java\javapath;C:\Program Files (x86)\Intel\iCLS Client;C:\Program Files\Intel\iCLS Client;C:\Program Files (x86)\NVIDIA Corporation\PhysX\Common;C:\Windows\system32;C:\Windows;C:\Windows\System32\Wbem;C:\Windows\System32\WindowsPowerShell\v1.0;C:\Program Files (x86)\Acer\abFiles;C:\Program Files\Intel\Intel(R) Management Engine Components\DAL;C:\Program Files\Intel\Intel(R) Management Engine Components\IPT;C:\Program Files (x86)\Intel\Intel(R) Management Engine Components\DAL;C:\Program Files (x86)\Intel\Intel(R) Management Engine Components\IPT;C:\Program Files\nodejs;C:\WINDOWS\system32;C:\WINDOWS;C:\WINDOWS\System32\Wbem;C:\WINDOWS\System32\WindowsPowerShell\v1.0;C:\Users\Rodrigo\AppData\Roaming\npm;C:\Users\Rodrigo\AppData\Local\atom\bin;C:\Program Files\Java\jdk1.8.0_71\bin;C:\MinGW\bin;C:\Program Files\Git\usr\bin;C:\Program Files\Git\usr\bin\vendor_perl;C:\Program Files\Git\usr\bin\core_perl
10 verbose lifecycle web-gui@1.0.0~build: CWD: C:\Users\Rodrigo\Codigo\web-gui
11 silly lifecycle web-gui@1.0.0~build: Args: [ '/d /s /c',
11 silly lifecycle   'mkdir build && npm run build:cms && npm run build:octi && npm run build:css && npm run build:html && npm run build:js' ]
12 silly lifecycle web-gui@1.0.0~build: Returned: code: 0  signal: null
13 info lifecycle web-gui@1.0.0~postbuild: web-gui@1.0.0
14 verbose lifecycle web-gui@1.0.0~postbuild: unsafe-perm in lifecycle true
15 verbose lifecycle web-gui@1.0.0~postbuild: PATH: C:\Program Files\nodejs\node_modules\npm\bin\node-gyp-bin;C:\Users\Rodrigo\Codigo\web-gui\node_modules\.bin;C:\Users\Rodrigo\bin;C:\Program Files\Git\mingw64\bin;C:\Program Files\Git\usr\local\bin;C:\Program Files\Git\usr\bin;C:\Program Files\Git\usr\bin;C:\Program Files\Git\mingw64\bin;C:\Program Files\Git\usr\bin;C:\Users\Rodrigo\bin;C:\ProgramData\Oracle\Java\javapath;C:\Program Files (x86)\Intel\iCLS Client;C:\Program Files\Intel\iCLS Client;C:\Program Files (x86)\NVIDIA Corporation\PhysX\Common;C:\Windows\system32;C:\Windows;C:\Windows\System32\Wbem;C:\Windows\System32\WindowsPowerShell\v1.0;C:\Program Files (x86)\Acer\abFiles;C:\Program Files\Intel\Intel(R) Management Engine Components\DAL;C:\Program Files\Intel\Intel(R) Management Engine Components\IPT;C:\Program Files (x86)\Intel\Intel(R) Management Engine Components\DAL;C:\Program Files (x86)\Intel\Intel(R) Management Engine Components\IPT;C:\Program Files\nodejs;C:\WINDOWS\system32;C:\WINDOWS;C:\WINDOWS\System32\Wbem;C:\WINDOWS\System32\WindowsPowerShell\v1.0;C:\Users\Rodrigo\AppData\Roaming\npm;C:\Users\Rodrigo\AppData\Local\atom\bin;C:\Program Files\Java\jdk1.8.0_71\bin;C:\MinGW\bin;C:\Program Files\Git\usr\bin;C:\Program Files\Git\usr\bin\vendor_perl;C:\Program Files\Git\usr\bin\core_perl
16 verbose lifecycle web-gui@1.0.0~postbuild: CWD: C:\Users\Rodrigo\Codigo\web-gui
17 silly lifecycle web-gui@1.0.0~postbuild: Args: [ '/d /s /c', 'explorer ./build' ]
18 silly lifecycle web-gui@1.0.0~postbuild: Returned: code: 1  signal: null
19 info lifecycle web-gui@1.0.0~postbuild: Failed to exec postbuild script
20 verbose stack Error: web-gui@1.0.0 postbuild: `explorer ./build`
20 verbose stack Exit status 1
20 verbose stack     at EventEmitter.<anonymous> (C:\Program Files\nodejs\node_modules\npm\lib\utils\lifecycle.js:232:16)
20 verbose stack     at emitTwo (events.js:100:13)
20 verbose stack     at EventEmitter.emit (events.js:185:7)
20 verbose stack     at ChildProcess.<anonymous> (C:\Program Files\nodejs\node_modules\npm\lib\utils\spawn.js:24:14)
20 verbose stack     at emitTwo (events.js:100:13)
20 verbose stack     at ChildProcess.emit (events.js:185:7)
20 verbose stack     at maybeClose (internal/child_process.js:821:16)
20 verbose stack     at Process.ChildProcess._handle.onexit (internal/child_process.js:211:5)
21 verbose pkgid web-gui@1.0.0
22 verbose cwd C:\Users\Rodrigo\Codigo\web-gui
23 error Windows_NT 10.0.10586
24 error argv "C:\\Program Files\\nodejs\\node.exe" "C:\\Program Files\\nodejs\\node_modules\\npm\\bin\\npm-cli.js" "run" "build"
25 error node v5.5.0
26 error npm  v3.3.12
27 error code ELIFECYCLE
28 error web-gui@1.0.0 postbuild: `explorer ./build`
28 error Exit status 1
29 error Failed at the web-gui@1.0.0 postbuild script 'explorer ./build'.
29 error Make sure you have the latest version of node.js and npm installed.
29 error If you do, this is most likely a problem with the web-gui package,
29 error not with npm itself.
29 error Tell the author that this fails on your system:
29 error     explorer ./build
29 error You can get their info via:
29 error     npm owner ls web-gui
29 error There is likely additional logging output above.
30 verbose exit [ 1, true ]
